2023-05-17 12:44:07,224 [Worker-4: Loading available Gradle versions] INFO  o.e.b.c.i.u.g.PublishedGradleVersions - Gradle version information cache is not available. Remote download required.
2023-05-17 12:50:56,798 [Worker-2: Loading available Gradle versions] INFO  o.e.b.c.i.u.g.PublishedGradleVersions - Gradle version information cache is up-to-date. Trying to read.
2023-05-17 13:27:39,390 [Worker-3: Loading available Gradle versions] INFO  o.e.b.c.i.u.g.PublishedGradleVersions - Gradle version information cache is up-to-date. Trying to read.
2023-05-17 18:14:07,713 [Worker-5: Loading available Gradle versions] INFO  o.e.b.c.i.u.g.PublishedGradleVersions - Gradle version information cache is up-to-date. Trying to read.
2023-05-19 14:28:30,471 [Worker-2: Loading available Gradle versions] INFO  o.e.b.c.i.u.g.PublishedGradleVersions - Gradle version information cache is out-of-date. Trying to update.
2023-05-19 15:39:48,612 [Worker-6: Loading available Gradle versions] INFO  o.e.b.c.i.u.g.PublishedGradleVersions - Gradle version information cache is up-to-date. Trying to read.
2023-05-19 15:40:16,324 [Worker-6: Loading available Gradle versions] INFO  o.e.b.c.i.u.g.PublishedGradleVersions - Gradle version information cache is up-to-date. Trying to read.
2023-05-19 15:43:49,769 [Worker-5: Fetching remote refs from git@github.com:tfdev42/dev.git] INFO  o.a.s.c.u.s.e.EdDSASecurityProviderRegistrar - getOrCreateProvider(EdDSA) created instance of net.i2p.crypto.eddsa.EdDSASecurityProvider
2023-05-19 15:43:49,831 [Worker-5: Fetching remote refs from git@github.com:tfdev42/dev.git] INFO  o.a.s.c.i.DefaultIoServiceFactoryFactory - No detected/configured IoServiceFactoryFactory; using Nio2ServiceFactoryFactory
2023-05-19 15:43:50,567 [sshd-JGitSshClient[26eeb296]-nio2-thread-6] WARN  o.e.j.i.t.sshd.JGitClientSession - exceptionCaught(JGitClientSession[git@github.com/140.82.121.3:22])[state=Opened] IOException: Could not connect to SSH agent via socket '/run/user/1000/keyring/ssh'
2023-05-19 15:44:10,133 [sshd-JGitSshClient[4d10bac5]-nio2-thread-6] WARN  o.e.j.i.t.sshd.JGitClientSession - exceptionCaught(JGitClientSession[git@github.com/140.82.121.3:22])[state=Opened] IOException: Could not connect to SSH agent via socket '/run/user/1000/keyring/ssh'
2023-05-19 15:46:42,618 [sshd-JGitSshClient[44401f6b]-nio2-thread-7] WARN  o.e.j.i.t.sshd.JGitClientSession - exceptionCaught(JGitClientSession[git@github.com/140.82.121.4:22])[state=Opened] IOException: Could not connect to SSH agent via socket '/run/user/1000/keyring/ssh'
2023-05-19 15:49:31,646 [sshd-JGitSshClient[52081546]-nio2-thread-6] WARN  o.e.j.i.t.sshd.JGitClientSession - exceptionCaught(JGitClientSession[git@github.com/140.82.121.3:22])[state=Opened] IOException: Could not connect to SSH agent via socket '/run/user/1000/keyring/ssh'
2023-05-19 15:49:35,958 [sshd-JGitSshClient[71542e7]-nio2-thread-6] WARN  o.e.j.i.t.sshd.JGitClientSession - exceptionCaught(JGitClientSession[git@github.com/140.82.121.3:22])[state=Opened] IOException: Could not connect to SSH agent via socket '/run/user/1000/keyring/ssh'
2023-05-19 15:50:14,735 [Worker-29: Loading available Gradle versions] INFO  o.e.b.c.i.u.g.PublishedGradleVersions - Gradle version information cache is up-to-date. Trying to read.
2023-05-19 15:50:25,735 [Worker-1: Fetching remote refs from git@github.com:tfdev42/dev.git] INFO  o.a.s.c.u.s.e.EdDSASecurityProviderRegistrar - getOrCreateProvider(EdDSA) created instance of net.i2p.crypto.eddsa.EdDSASecurityProvider
2023-05-19 15:50:25,812 [Worker-1: Fetching remote refs from git@github.com:tfdev42/dev.git] INFO  o.a.s.c.i.DefaultIoServiceFactoryFactory - No detected/configured IoServiceFactoryFactory; using Nio2ServiceFactoryFactory
2023-05-19 15:50:26,593 [sshd-JGitSshClient[38067c29]-nio2-thread-6] WARN  o.e.j.i.t.sshd.JGitClientSession - exceptionCaught(JGitClientSession[git@github.com/140.82.121.3:22])[state=Opened] IOException: Could not connect to SSH agent via socket '/run/user/1000/keyring/ssh'
2023-05-19 15:50:55,360 [sshd-JGitSshClient[43ed482e]-nio2-thread-6] WARN  o.e.j.i.t.sshd.JGitClientSession - exceptionCaught(JGitClientSession[git@github.com/140.82.121.3:22])[state=Opened] IOException: Could not connect to SSH agent via socket '/run/user/1000/keyring/ssh'
2023-05-19 15:57:40,630 [sshd-JGitSshClient[3ec4e46c]-nio2-thread-5] WARN  o.e.j.i.t.sshd.JGitClientSession - exceptionCaught(JGitClientSession[git@github.com/140.82.121.3:22])[state=Opened] IOException: Could not connect to SSH agent via socket '/run/user/1000/keyring/ssh'
2023-05-19 15:57:55,637 [sshd-JGitSshClient[4c45a20f]-nio2-thread-5] WARN  o.e.j.i.t.sshd.JGitClientSession - exceptionCaught(JGitClientSession[git@github.com/140.82.121.3:22])[state=Opened] IOException: Could not connect to SSH agent via socket '/run/user/1000/keyring/ssh'
2023-05-19 15:58:15,988 [sshd-JGitSshClient[d40eee7]-nio2-thread-6] WARN  o.e.j.i.t.sshd.JGitClientSession - exceptionCaught(JGitClientSession[git@github.com/140.82.121.3:22])[state=Opened] IOException: Could not connect to SSH agent via socket '/run/user/1000/keyring/ssh'
2023-05-19 16:00:00,497 [Worker-11: Fetching remote refs from git@github.com:tfdev42/dev.git] INFO  o.a.s.c.u.s.e.EdDSASecurityProviderRegistrar - getOrCreateProvider(EdDSA) created instance of net.i2p.crypto.eddsa.EdDSASecurityProvider
2023-05-19 16:00:00,582 [Worker-11: Fetching remote refs from git@github.com:tfdev42/dev.git] INFO  o.a.s.c.i.DefaultIoServiceFactoryFactory - No detected/configured IoServiceFactoryFactory; using Nio2ServiceFactoryFactory
2023-05-19 16:00:01,256 [sshd-JGitSshClient[6a617732]-nio2-thread-5] WARN  o.e.j.i.t.sshd.JGitClientSession - exceptionCaught(JGitClientSession[git@github.com/140.82.121.3:22])[state=Opened] IOException: Could not connect to SSH agent via socket '/run/user/1000/keyring/ssh'
2023-05-19 16:06:36,954 [Worker-30: Loading available Gradle versions] INFO  o.e.b.c.i.u.g.PublishedGradleVersions - Gradle version information cache is up-to-date. Trying to read.
2023-05-19 16:09:52,710 [Worker-1: Loading available Gradle versions] INFO  o.e.b.c.i.u.g.PublishedGradleVersions - Gradle version information cache is up-to-date. Trying to read.
2023-05-19 16:10:38,266 [Worker-1: Loading available Gradle versions] INFO  o.e.b.c.i.u.g.PublishedGradleVersions - Gradle version information cache is up-to-date. Trying to read.
2023-05-19 16:43:23,957 [Worker-7: Loading available Gradle versions] INFO  o.e.b.c.i.u.g.PublishedGradleVersions - Gradle version information cache is up-to-date. Trying to read.
2023-05-19 17:11:08,838 [Start Help Server] INFO  org.eclipse.jetty.server.Server - jetty-10.0.13; built: 2022-12-07T20:13:20.134Z; git: 1c2636ea05c0ca8de1ffd6ca7f3a98ac084c766d; jvm 17.0.6+10
2023-05-19 17:11:08,855 [Start Help Server] INFO  o.e.j.s.s.DefaultSessionIdManager - Session workerName=node0
2023-05-19 17:11:08,871 [Start Help Server] INFO  o.e.j.server.handler.ContextHandler - Started o.e.j.s.ServletContextHandler@5be13f50{/help,null,AVAILABLE}
2023-05-19 17:11:08,878 [Start Help Server] INFO  o.e.jetty.server.AbstractConnector - Started ServerConnector@636a9e7b{HTTP/1.1, (http/1.1)}{127.0.0.1:43973}
2023-05-19 17:11:08,879 [Start Help Server] INFO  org.eclipse.jetty.server.Server - Started Server@7562fa69{STARTING}[10.0.13,sto=0] @1669071ms
2023-05-19 17:56:12,721 [Stop Help Server] INFO  org.eclipse.jetty.server.Server - Stopped Server@7562fa69{STOPPING}[10.0.13,sto=0]
2023-05-19 17:56:12,723 [Stop Help Server] INFO  o.e.jetty.server.AbstractConnector - Stopped ServerConnector@636a9e7b{HTTP/1.1, (http/1.1)}{127.0.0.1:0}
2023-05-19 17:56:12,730 [Stop Help Server] INFO  o.e.j.server.handler.ContextHandler - Stopped o.e.j.s.ServletContextHandler@5be13f50{/help,null,STOPPED}
2023-05-19 17:56:18,200 [Worker-2: Loading available Gradle versions] INFO  o.e.b.c.i.u.g.PublishedGradleVersions - Gradle version information cache is up-to-date. Trying to read.
2023-05-19 17:57:13,544 [Worker-2: Loading available Gradle versions] INFO  o.e.b.c.i.u.g.PublishedGradleVersions - Gradle version information cache is up-to-date. Trying to read.
2023-05-19 17:57:40,757 [Worker-2: Loading available Gradle versions] INFO  o.e.b.c.i.u.g.PublishedGradleVersions - Gradle version information cache is up-to-date. Trying to read.
2023-05-19 17:59:48,685 [Worker-7: Fetching remote refs from git@github.com:tfdev42/dev.git] INFO  o.a.s.c.u.s.e.EdDSASecurityProviderRegistrar - getOrCreateProvider(EdDSA) created instance of net.i2p.crypto.eddsa.EdDSASecurityProvider
2023-05-19 17:59:48,764 [Worker-7: Fetching remote refs from git@github.com:tfdev42/dev.git] INFO  o.a.s.c.i.DefaultIoServiceFactoryFactory - No detected/configured IoServiceFactoryFactory; using Nio2ServiceFactoryFactory
2023-05-19 18:51:32,600 [Worker-15: Loading available Gradle versions] INFO  o.e.b.c.i.u.g.PublishedGradleVersions - Gradle version information cache is up-to-date. Trying to read.
2023-05-19 19:32:13,797 [Worker-48: Fetching remote refs from git@github.com:tfdev42/dev.git] INFO  o.a.s.c.u.s.e.EdDSASecurityProviderRegistrar - getOrCreateProvider(EdDSA) created instance of net.i2p.crypto.eddsa.EdDSASecurityProvider
2023-05-19 19:32:13,861 [Worker-48: Fetching remote refs from git@github.com:tfdev42/dev.git] INFO  o.a.s.c.i.DefaultIoServiceFactoryFactory - No detected/configured IoServiceFactoryFactory; using Nio2ServiceFactoryFactory
2023-05-19 19:33:16,534 [sshd-JGitSshClient[785323f8]-nio2-thread-6] WARN  o.e.j.i.t.s.CachingKeyPairProvider - Mismatched private key check values (dddcb7ba/54c1b620) in /home/tf/.ssh/github
java.io.StreamCorruptedException: Mismatched private key check values (dddcb7ba/54c1b620) in /home/tf/.ssh/github
	at org.apache.sshd.common.config.keys.loader.openssh.OpenSSHKeyPairResourceParser.readPrivateKeys(OpenSSHKeyPairResourceParser.java:263)
	at org.apache.sshd.common.config.keys.loader.openssh.OpenSSHKeyPairResourceParser.extractKeyPairs(OpenSSHKeyPairResourceParser.java:165)
	at org.apache.sshd.common.config.keys.loader.AbstractKeyPairResourceParser.extractKeyPairs(AbstractKeyPairResourceParser.java:198)
	at org.apache.sshd.common.config.keys.loader.AbstractKeyPairResourceParser.extractKeyPairs(AbstractKeyPairResourceParser.java:167)
	at org.apache.sshd.common.config.keys.loader.AbstractKeyPairResourceParser.loadKeyPairs(AbstractKeyPairResourceParser.java:117)
	at org.apache.sshd.common.config.keys.loader.KeyPairResourceParser$2.loadKeyPairs(KeyPairResourceParser.java:166)
	at org.apache.sshd.common.config.keys.loader.KeyPairResourceLoader.loadKeyPairs(KeyPairResourceLoader.java:157)
	at org.apache.sshd.common.config.keys.loader.KeyPairResourceLoader.loadKeyPairs(KeyPairResourceLoader.java:148)
	at org.apache.sshd.common.config.keys.loader.KeyPairResourceLoader.loadKeyPairs(KeyPairResourceLoader.java:139)
	at org.apache.sshd.common.config.keys.loader.KeyPairResourceLoader.loadKeyPairs(KeyPairResourceLoader.java:130)
	at org.apache.sshd.common.util.security.SecurityUtils.loadKeyPairIdentities(SecurityUtils.java:522)
	at org.eclipse.jgit.internal.transport.sshd.CachingKeyPairProvider.loadKey(CachingKeyPairProvider.java:156)
	at org.eclipse.jgit.internal.transport.sshd.CachingKeyPairProvider.loadKey(CachingKeyPairProvider.java:131)
	at org.eclipse.jgit.internal.transport.sshd.CachingKeyPairProvider$CancellingKeyPairIterator.hasNext(CachingKeyPairProvider.java:221)
	at org.eclipse.jgit.internal.transport.sshd.JGitSshClient$CombinedKeyIdentityProvider$1.hasNext(JGitSshClient.java:447)
	at org.apache.sshd.common.keyprovider.MultiKeyIdentityIterator.hasNext(MultiKeyIdentityIterator.java:85)
	at org.apache.sshd.client.auth.pubkey.UserAuthPublicKeyIterator$1$1.hasNext(UserAuthPublicKeyIterator.java:118)
	at org.apache.sshd.common.util.helper.LazyIterablesConcatenator$1.hasNext(LazyIterablesConcatenator.java:68)
	at org.apache.sshd.common.util.GenericUtils.selectNextMatchingValue(GenericUtils.java:849)
	at org.apache.sshd.common.util.helper.LazyMatchingTypeIterator.hasNext(LazyMatchingTypeIterator.java:62)
	at org.apache.sshd.client.auth.pubkey.UserAuthPublicKeyIterator.hasNext(UserAuthPublicKeyIterator.java:198)
	at org.apache.sshd.client.auth.pubkey.UserAuthPublicKey.resolveAttemptedPublicKeyIdentity(UserAuthPublicKey.java:267)
	at org.apache.sshd.client.auth.pubkey.UserAuthPublicKey.sendAuthDataRequest(UserAuthPublicKey.java:155)
	at org.apache.sshd.client.auth.AbstractUserAuth.process(AbstractUserAuth.java:71)
	at org.apache.sshd.client.session.ClientUserAuthService.tryNext(ClientUserAuthService.java:343)
	at org.apache.sshd.client.session.ClientUserAuthService.processUserAuth(ClientUserAuthService.java:315)
	at org.apache.sshd.client.session.ClientUserAuthService.process(ClientUserAuthService.java:252)
	at org.apache.sshd.common.session.helpers.CurrentService.process(CurrentService.java:109)
	at org.apache.sshd.common.session.helpers.AbstractSession.doHandleMessage(AbstractSession.java:591)
	at org.apache.sshd.common.session.helpers.AbstractSession.lambda$handleMessage$0(AbstractSession.java:522)
	at org.apache.sshd.common.util.threads.ThreadUtils.runAsInternal(ThreadUtils.java:68)
	at org.apache.sshd.common.session.helpers.AbstractSession.handleMessage(AbstractSession.java:521)
	at org.apache.sshd.common.session.helpers.AbstractSession.decode(AbstractSession.java:1639)
	at org.apache.sshd.common.session.helpers.AbstractSession.messageReceived(AbstractSession.java:482)
	at org.eclipse.jgit.internal.transport.sshd.JGitClientSession.messageReceived(JGitClientSession.java:197)
	at org.apache.sshd.common.session.helpers.AbstractSessionIoHandler.messageReceived(AbstractSessionIoHandler.java:64)
	at org.apache.sshd.common.io.nio2.Nio2Session.handleReadCycleCompletion(Nio2Session.java:407)
	at org.apache.sshd.common.io.nio2.Nio2Session$1.onCompleted(Nio2Session.java:380)
	at org.apache.sshd.common.io.nio2.Nio2Session$1.onCompleted(Nio2Session.java:375)
	at org.apache.sshd.common.io.nio2.Nio2CompletionHandler.lambda$completed$0(Nio2CompletionHandler.java:38)
	at java.base/java.security.AccessController.doPrivileged(AccessController.java:318)
	at org.apache.sshd.common.io.nio2.Nio2CompletionHandler.completed(Nio2CompletionHandler.java:37)
	at java.base/sun.nio.ch.Invoker.invokeUnchecked(Invoker.java:129)
	at java.base/sun.nio.ch.Invoker$2.run(Invoker.java:221)
	at java.base/sun.nio.ch.AsynchronousChannelGroupImpl$1.run(AsynchronousChannelGroupImpl.java:113)
	at java.base/java.util.concurrent.ThreadPoolExecutor.runWorker(ThreadPoolExecutor.java:1136)
	at java.base/java.util.concurrent.ThreadPoolExecutor$Worker.run(ThreadPoolExecutor.java:635)
	at java.base/java.lang.Thread.run(Thread.java:833)
